2023-05-18 18:45:27.706 [main] WARN  org.apache.poi.openxml4j.opc.OPCPackage - OPC Compliance error [M4.1]: there is more than one core properties relationship in the package! POI will use only the first, but other software may reject this file.
2023-05-18 18:45:27.727 [main] DEBUG org.apache.poi.openxml4j.opc.PackageRelationshipCollection - Parsing relationship: /xl/_rels/workbook.xml.rels
2023-05-18 18:45:27.735 [main] DEBUG org.apache.poi.openxml4j.opc.PackageRelationshipCollection - Parsing relationship: /_rels/.rels
2023-05-18 18:45:30.352 [main] INFO  api.test.UserEndPointsTests - ************   Creating User **************
2023-05-18 18:45:39.636 [main] INFO  api.test.UserEndPointsTests - ************   Creating User **************
2023-05-18 18:45:40.223 [main] INFO  api.test.UserEndPointsTests - ************   Creating User **************
2023-05-18 18:45:40.705 [main] INFO  api.test.UserEndPointsTests - ************   Creating User **************
2023-05-18 18:45:41.189 [main] INFO  api.test.UserEndPointsTests - ************   Creating User **************
2023-05-18 18:45:41.684 [main] INFO  api.test.UserEndPointsTests - ************   Creating User **************
2023-05-18 18:45:42.151 [main] INFO  api.test.UserEndPointsTests - ************   Creating User **************
2023-05-18 18:45:42.670 [main] INFO  api.test.UserEndPointsTests - ************   Creating User **************
2023-05-18 18:45:43.226 [main] INFO  api.test.UserEndPointsTests - ************   Creating User **************
2023-05-18 18:45:43.682 [main] INFO  api.test.UserEndPointsTests - ************   Creating User **************
2023-05-18 18:45:44.266 [main] WARN  org.apache.poi.openxml4j.opc.OPCPackage - OPC Compliance error [M4.1]: there is more than one core properties relationship in the package! POI will use only the first, but other software may reject this file.
2023-05-18 18:45:44.270 [main] DEBUG org.apache.poi.openxml4j.opc.PackageRelationshipCollection - Parsing relationship: /xl/_rels/workbook.xml.rels
2023-05-18 18:45:44.274 [main] DEBUG org.apache.poi.openxml4j.opc.PackageRelationshipCollection - Parsing relationship: /_rels/.rels
2023-05-18 18:45:44.941 [main] INFO  api.test.UserEndPointsTests - ************   Getting User Info **************
2023-05-18 18:45:45.534 [main] INFO  api.test.UserEndPointsTests - ************   Getting User Info **************
2023-05-18 18:45:45.995 [main] INFO  api.test.UserEndPointsTests - ************   Getting User Info **************
2023-05-18 18:45:46.467 [main] INFO  api.test.UserEndPointsTests - ************   Getting User Info **************
2023-05-18 18:45:46.952 [main] INFO  api.test.UserEndPointsTests - ************   Getting User Info **************
2023-05-18 18:45:47.412 [main] INFO  api.test.UserEndPointsTests - ************   Getting User Info **************
2023-05-18 18:45:47.873 [main] INFO  api.test.UserEndPointsTests - ************   Getting User Info **************
2023-05-18 18:45:48.351 [main] INFO  api.test.UserEndPointsTests - ************   Getting User Info **************
2023-05-18 18:45:48.805 [main] INFO  api.test.UserEndPointsTests - ************   Getting User Info **************
2023-05-18 18:45:49.275 [main] INFO  api.test.UserEndPointsTests - ************   Getting User Info **************
2023-05-18 18:45:49.776 [main] WARN  org.apache.poi.openxml4j.opc.OPCPackage - OPC Compliance error [M4.1]: there is more than one core properties relationship in the package! POI will use only the first, but other software may reject this file.
2023-05-18 18:45:49.778 [main] DEBUG org.apache.poi.openxml4j.opc.PackageRelationshipCollection - Parsing relationship: /xl/_rels/workbook.xml.rels
2023-05-18 18:45:49.781 [main] DEBUG org.apache.poi.openxml4j.opc.PackageRelationshipCollection - Parsing relationship: /_rels/.rels
2023-05-18 18:45:49.993 [main] INFO  api.test.UserEndPointsTests - ************   Deleting User **************
2023-05-18 18:45:50.556 [main] INFO  api.test.UserEndPointsTests - ************   Deleting User **************
2023-05-18 18:45:51.061 [main] INFO  api.test.UserEndPointsTests - ************   Deleting User **************
2023-05-18 18:45:51.588 [main] INFO  api.test.UserEndPointsTests - ************   Deleting User **************
2023-05-18 18:45:52.049 [main] INFO  api.test.UserEndPointsTests - ************   Deleting User **************
2023-05-18 18:45:52.478 [main] INFO  api.test.UserEndPointsTests - ************   Deleting User **************
2023-05-18 18:45:52.945 [main] INFO  api.test.UserEndPointsTests - ************   Deleting User **************
2023-05-18 18:45:53.398 [main] INFO  api.test.UserEndPointsTests - ************   Deleting User **************
2023-05-18 18:45:53.830 [main] INFO  api.test.UserEndPointsTests - ************   Deleting User **************
2023-05-18 18:45:54.255 [main] INFO  api.test.UserEndPointsTests - ************   Deleting User **************
2023-05-18 18:45:54.703 [main] WARN  org.apache.poi.openxml4j.opc.OPCPackage - OPC Compliance error [M4.1]: there is more than one core properties relationship in the package! POI will use only the first, but other software may reject this file.
2023-05-18 18:45:54.705 [main] DEBUG org.apache.poi.openxml4j.opc.PackageRelationshipCollection - Parsing relationship: /xl/_rels/workbook.xml.rels
2023-05-18 18:45:54.708 [main] DEBUG org.apache.poi.openxml4j.opc.PackageRelationshipCollection - Parsing relationship: /_rels/.rels
2023-05-18 18:45:54.808 [main] INFO  api.test.PetEndpointsTests - ************   Adding Pet to Store **************
2023-05-18 18:45:55.279 [main] INFO  api.test.PetEndpointsTests - ************   Success in Adding Pet named: **************
2023-05-18 18:45:55.281 [main] INFO  api.test.PetEndpointsTests - ************   Adding Pet to Store **************
2023-05-18 18:45:55.732 [main] INFO  api.test.PetEndpointsTests - ************   Success in Adding Pet named: **************
2023-05-18 18:45:55.734 [main] INFO  api.test.PetEndpointsTests - ************   Adding Pet to Store **************
2023-05-18 18:45:56.204 [main] INFO  api.test.PetEndpointsTests - ************   Success in Adding Pet named: **************
2023-05-18 18:45:56.205 [main] INFO  api.test.PetEndpointsTests - ************   Adding Pet to Store **************
2023-05-18 18:45:56.658 [main] INFO  api.test.PetEndpointsTests - ************   Success in Adding Pet named: **************
2023-05-18 18:45:56.659 [main] INFO  api.test.PetEndpointsTests - ************   Adding Pet to Store **************
2023-05-18 18:45:57.086 [main] INFO  api.test.PetEndpointsTests - ************   Success in Adding Pet named: **************
2023-05-18 18:45:57.088 [main] INFO  api.test.PetEndpointsTests - ************   Adding Pet to Store **************
2023-05-18 18:45:57.539 [main] INFO  api.test.PetEndpointsTests - ************   Success in Adding Pet named: **************
2023-05-18 18:45:57.541 [main] INFO  api.test.PetEndpointsTests - ************   Adding Pet to Store **************
2023-05-18 18:45:58.021 [main] INFO  api.test.PetEndpointsTests - ************   Success in Adding Pet named: **************
2023-05-18 18:45:58.023 [main] INFO  api.test.PetEndpointsTests - ************   Adding Pet to Store **************
2023-05-18 18:45:58.475 [main] INFO  api.test.PetEndpointsTests - ************   Success in Adding Pet named: **************
2023-05-18 18:45:58.477 [main] INFO  api.test.PetEndpointsTests - ************   Adding Pet to Store **************
2023-05-18 18:45:58.911 [main] INFO  api.test.PetEndpointsTests - ************   Success in Adding Pet named: **************
2023-05-18 18:45:58.913 [main] INFO  api.test.PetEndpointsTests - ************   Adding Pet to Store **************
2023-05-18 18:45:59.374 [main] INFO  api.test.PetEndpointsTests - ************   Success in Adding Pet named: **************
2023-05-18 18:45:59.386 [main] WARN  org.apache.poi.openxml4j.opc.OPCPackage - OPC Compliance error [M4.1]: there is more than one core properties relationship in the package! POI will use only the first, but other software may reject this file.
2023-05-18 18:45:59.389 [main] DEBUG org.apache.poi.openxml4j.opc.PackageRelationshipCollection - Parsing relationship: /xl/_rels/workbook.xml.rels
2023-05-18 18:45:59.392 [main] DEBUG org.apache.poi.openxml4j.opc.PackageRelationshipCollection - Parsing relationship: /_rels/.rels
2023-05-18 18:45:59.825 [main] INFO  api.test.PetEndpointsTests - ************   Getting Pet with id:1 **************
2023-05-18 18:46:00.263 [main] INFO  api.test.PetEndpointsTests - ************   Getting Pet with id:2 **************
2023-05-18 18:46:00.691 [main] INFO  api.test.PetEndpointsTests - ************   Getting Pet with id:3 **************
2023-05-18 18:46:01.131 [main] INFO  api.test.PetEndpointsTests - ************   Getting Pet with id:4 **************
2023-05-18 18:46:01.668 [main] INFO  api.test.PetEndpointsTests - ************   Getting Pet with id:5 **************
2023-05-18 18:46:02.109 [main] INFO  api.test.PetEndpointsTests - ************   Getting Pet with id:6 **************
2023-05-18 18:46:02.555 [main] INFO  api.test.PetEndpointsTests - ************   Getting Pet with id:7 **************
2023-05-18 18:46:03.052 [main] INFO  api.test.PetEndpointsTests - ************   Getting Pet with id:8 **************
2023-05-18 18:46:03.505 [main] INFO  api.test.PetEndpointsTests - ************   Getting Pet with id:9 **************
2023-05-18 18:46:03.958 [main] WARN  org.apache.poi.openxml4j.opc.OPCPackage - OPC Compliance error [M4.1]: there is more than one core properties relationship in the package! POI will use only the first, but other software may reject this file.
2023-05-18 18:46:03.963 [main] DEBUG org.apache.poi.openxml4j.opc.PackageRelationshipCollection - Parsing relationship: /xl/_rels/workbook.xml.rels
2023-05-18 18:46:03.965 [main] DEBUG org.apache.poi.openxml4j.opc.PackageRelationshipCollection - Parsing relationship: /_rels/.rels
2023-05-18 18:46:04.055 [main] INFO  api.test.PetEndpointsTests - ************   Deleting Pet from store with id:1 **************
2023-05-18 18:46:04.485 [main] INFO  api.test.PetEndpointsTests - ************   Deleting Pet from store with id:2 **************
2023-05-18 18:46:04.925 [main] INFO  api.test.PetEndpointsTests - ************   Deleting Pet from store with id:3 **************
2023-05-18 18:46:05.361 [main] INFO  api.test.PetEndpointsTests - ************   Deleting Pet from store with id:4 **************
2023-05-18 18:46:05.792 [main] INFO  api.test.PetEndpointsTests - ************   Deleting Pet from store with id:5 **************
2023-05-18 18:46:06.239 [main] INFO  api.test.PetEndpointsTests - ************   Deleting Pet from store with id:6 **************
2023-05-18 18:46:06.690 [main] INFO  api.test.PetEndpointsTests - ************   Deleting Pet from store with id:7 **************
2023-05-18 18:46:07.122 [main] INFO  api.test.PetEndpointsTests - ************   Deleting Pet from store with id:8 **************
2023-05-18 18:46:07.606 [main] INFO  api.test.PetEndpointsTests - ************   Deleting Pet from store with id:9 **************
2023-05-18 18:46:08.040 [main] INFO  api.test.StoreEndpointsTests - ************   Getting Store Inventory **************
2023-05-18 18:46:08.485 [main] WARN  org.apache.poi.openxml4j.opc.OPCPackage - OPC Compliance error [M4.1]: there is more than one core properties relationship in the package! POI will use only the first, but other software may reject this file.
2023-05-18 18:46:08.487 [main] DEBUG org.apache.poi.openxml4j.opc.PackageRelationshipCollection - Parsing relationship: /xl/_rels/workbook.xml.rels
2023-05-18 18:46:08.488 [main] DEBUG org.apache.poi.openxml4j.opc.PackageRelationshipCollection - Parsing relationship: /_rels/.rels
2023-05-18 18:46:08.549 [main] INFO  api.test.StoreEndpointsTests - **************  Creating Order with id:128  ***************
2023-05-18 18:46:09.052 [main] INFO  api.test.StoreEndpointsTests - **************  Creating Order with id:283  ***************
2023-05-18 18:46:09.477 [main] INFO  api.test.StoreEndpointsTests - **************  Creating Order with id:254  ***************
2023-05-18 18:46:09.904 [main] INFO  api.test.StoreEndpointsTests - **************  Creating Order with id:634  ***************
2023-05-18 18:46:10.334 [main] INFO  api.test.StoreEndpointsTests - **************  Creating Order with id:895  ***************
2023-05-18 18:46:10.785 [main] INFO  api.test.StoreEndpointsTests - **************  Creating Order with id:72  ***************
2023-05-18 18:46:11.217 [main] INFO  api.test.StoreEndpointsTests - **************  Creating Order with id:222  ***************
2023-05-18 18:46:11.768 [main] INFO  api.test.StoreEndpointsTests - **************  Creating Order with id:970  ***************
2023-05-18 18:46:12.207 [main] INFO  api.test.StoreEndpointsTests - **************  Creating Order with id:2  ***************
2023-05-18 18:46:12.630 [main] INFO  api.test.StoreEndpointsTests - **************  Creating Order with id:884  ***************
2023-05-18 18:46:13.094 [main] WARN  org.apache.poi.openxml4j.opc.OPCPackage - OPC Compliance error [M4.1]: there is more than one core properties relationship in the package! POI will use only the first, but other software may reject this file.
2023-05-18 18:46:13.096 [main] DEBUG org.apache.poi.openxml4j.opc.PackageRelationshipCollection - Parsing relationship: /xl/_rels/workbook.xml.rels
2023-05-18 18:46:13.098 [main] DEBUG org.apache.poi.openxml4j.opc.PackageRelationshipCollection - Parsing relationship: /_rels/.rels
2023-05-18 18:46:13.237 [main] INFO  api.test.StoreEndpointsTests - ************   Getting Order with id:1 **************
2023-05-18 18:46:13.304 [main] INFO  api.test.StoreEndpointsTests - ************   Getting Order with id:2 **************
2023-05-18 18:46:13.347 [main] INFO  api.test.StoreEndpointsTests - ************   Getting Order with id:3 **************
2023-05-18 18:46:13.378 [main] INFO  api.test.StoreEndpointsTests - ************   Getting Order with id:4 **************
2023-05-18 18:46:13.397 [main] INFO  api.test.StoreEndpointsTests - ************   Getting Order with id:5 **************
2023-05-18 18:46:13.425 [main] INFO  api.test.StoreEndpointsTests - ************   Getting Order with id:6 **************
2023-05-18 18:46:13.440 [main] INFO  api.test.StoreEndpointsTests - ************   Getting Order with id:7 **************
2023-05-18 18:46:13.455 [main] INFO  api.test.StoreEndpointsTests - ************   Getting Order with id:8 **************
2023-05-18 18:46:13.469 [main] INFO  api.test.StoreEndpointsTests - ************   Getting Order with id:9 **************
2023-05-18 18:46:13.491 [main] WARN  org.apache.poi.openxml4j.opc.OPCPackage - OPC Compliance error [M4.1]: there is more than one core properties relationship in the package! POI will use only the first, but other software may reject this file.
2023-05-18 18:46:13.496 [main] DEBUG org.apache.poi.openxml4j.opc.PackageRelationshipCollection - Parsing relationship: /xl/_rels/workbook.xml.rels
2023-05-18 18:46:13.498 [main] DEBUG org.apache.poi.openxml4j.opc.PackageRelationshipCollection - Parsing relationship: /_rels/.rels
2023-05-18 18:46:13.558 [main] INFO  api.test.StoreEndpointsTests - ************   Deleting Order with id:1 **************
2023-05-18 18:46:13.573 [main] INFO  api.test.StoreEndpointsTests - ************   Deleting Order with id:2 **************
2023-05-18 18:46:13.584 [main] INFO  api.test.StoreEndpointsTests - ************   Deleting Order with id:3 **************
2023-05-18 18:46:13.600 [main] INFO  api.test.StoreEndpointsTests - ************   Deleting Order with id:4 **************
2023-05-18 18:46:13.617 [main] INFO  api.test.StoreEndpointsTests - ************   Deleting Order with id:5 **************
2023-05-18 18:46:13.635 [main] INFO  api.test.StoreEndpointsTests - ************   Deleting Order with id:6 **************
2023-05-18 18:46:13.651 [main] INFO  api.test.StoreEndpointsTests - ************   Deleting Order with id:7 **************
2023-05-18 18:46:13.674 [main] INFO  api.test.StoreEndpointsTests - ************   Deleting Order with id:8 **************
2023-05-18 18:46:13.695 [main] INFO  api.test.StoreEndpointsTests - ************   Deleting Order with id:9 **************
